app/build/intermediates/manifest_merge_blame_file/debug/manifest-merger-blame-debug-report.txt
1<?xml version="1.0" encoding="utf-8"?>
2<manifest xmlns:android="http://schemas.android.com/apk/res/android"
3    package="com.example.mobileapplication"
4    android:versionCode="1"
5    android:versionName="1.0" >
6
7    <uses-sdk
8        android:minSdkVersion="21"
8-->src/main/AndroidManifest.xml
9        android:targetSdkVersion="30" />
9-->src/main/AndroidManifest.xml
10
11    <uses-permission android:name="android.permission.WRITE_EXTERNAL_STORAGE" />
11-->src/main/AndroidManifest.xml:4:5-80
11-->src/main/AndroidManifest.xml:4:22-78
12    <uses-permission android:name="android.permission.READ_EXTERNAL_STORAGE" />
12-->src/main/AndroidManifest.xml:5:5-79
12-->src/main/AndroidManifest.xml:5:22-77
13    <uses-permission android:name="android.permission.MANAGE_EXTERNAL_STORAGE" />
13-->src/main/AndroidManifest.xml:6:5-110
13-->src/main/AndroidManifest.xml:6:22-79
14    <uses-permission android:name="android.permission.RECORD_AUDIO" />
14-->src/main/AndroidManifest.xml:7:5-70
14-->src/main/AndroidManifest.xml:7:22-68
15    <uses-permission android:name="android.permission.MODIFY_AUDIO_SETTINGS" />
15-->src/main/AndroidManifest.xml:8:5-79
15-->src/main/AndroidManifest.xml:8:22-77
16    <uses-permission android:name="android.permission.INTERNET" />
16-->src/main/AndroidManifest.xml:9:5-66
16-->src/main/AndroidManifest.xml:9:22-64
17    <uses-permission android:name="android.permission.ACCESS_WIFI_STATE" />
17-->src/main/AndroidManifest.xml:10:5-75
17-->src/main/AndroidManifest.xml:10:22-73
18    <uses-permission android:name="android.permission.ACCESS_NETWORK_STATE" />
18-->src/main/AndroidManifest.xml:11:5-78
18-->src/main/AndroidManifest.xml:11:22-76
19    <uses-permission android:name="android.permission.WAKE_LOCK" />
19-->[com.google.android.gms:play-services-measurement:19.0.1] AndroidManifest.xml:25:5-68
19-->[com.google.android.gms:play-services-measurement:19.0.1] AndroidManifest.xml:25:22-65
20    <uses-permission android:name="com.google.android.finsky.permission.BIND_GET_INSTALL_REFERRER_SERVICE" />
20-->[com.google.android.gms:play-services-measurement:19.0.1] AndroidManifest.xml:26:5-110
20-->[com.google.android.gms:play-services-measurement:19.0.1] AndroidManifest.xml:26:22-107
21
22    <application
22-->src/main/AndroidManifest.xml:13:5-40:19
23        android:allowBackup="true"
23-->src/main/AndroidManifest.xml:14:9-35
24        android:appComponentFactory="androidx.core.app.CoreComponentFactory"
24-->[androidx.core:core:1.0.1] AndroidManifest.xml:22:18-86
25        android:debuggable="true"
26        android:icon="@mipmap/ic_launcher"
26-->src/main/AndroidManifest.xml:15:9-43
27        android:label="@string/app_name"
27-->src/main/AndroidManifest.xml:16:9-41
28        android:roundIcon="@mipmap/ic_launcher_round"
28-->src/main/AndroidManifest.xml:17:9-54
29        android:supportsRtl="true"
29-->src/main/AndroidManifest.xml:18:9-35
30        android:testOnly="true"
31        android:theme="@style/AppTheme" >
31-->src/main/AndroidManifest.xml:19:9-40
32        <activity
32-->src/main/AndroidManifest.xml:20:9-27:20
33            android:name="com.example.mobileapplication.LoginActivity"
33-->src/main/AndroidManifest.xml:21:13-42
34            android:exported="true" >
34-->src/main/AndroidManifest.xml:22:13-36
35            <intent-filter>
35-->src/main/AndroidManifest.xml:23:13-26:29
36                <action android:name="android.intent.action.MAIN" />
36-->src/main/AndroidManifest.xml:24:17-69
36-->src/main/AndroidManifest.xml:24:25-66
37
38                <category android:name="android.intent.category.LAUNCHER" />
38-->src/main/AndroidManifest.xml:25:17-77
38-->src/main/AndroidManifest.xml:25:27-74
39            </intent-filter>
40        </activity>
41        <!-- <activity android:name=".ProfileActivity" -->
42        <!-- android:exported="true"> -->
43        <!-- <intent-filter> -->
44        <!-- <action android:name="android.intent.action.MAIN" /> -->
45        <!-- <category android:name="android.intent.category.LAUNCHER" /> -->
46        <!-- </intent-filter> -->
47        <!-- </activity> -->
48        <activity android:name="com.example.mobileapplication.ProfileActivity" />
48-->src/main/AndroidManifest.xml:35:9-53
48-->src/main/AndroidManifest.xml:35:19-50
49        <activity android:name="com.example.mobileapplication.ProfileEditActivity" />
49-->src/main/AndroidManifest.xml:36:9-57
49-->src/main/AndroidManifest.xml:36:19-54
50        <activity android:name="com.example.mobileapplication.MainActivity" />
50-->src/main/AndroidManifest.xml:37:9-49
50-->src/main/AndroidManifest.xml:37:19-47
51        <activity android:name="com.example.mobileapplication.RegisterActivity" />
51-->src/main/AndroidManifest.xml:38:9-53
51-->src/main/AndroidManifest.xml:38:19-51
52        <activity android:name="com.example.mobileapplication.RecordActivity" />
52-->src/main/AndroidManifest.xml:39:9-51
52-->src/main/AndroidManifest.xml:39:19-49
53
54        <service
54-->[com.google.firebase:firebase-firestore:23.0.3] AndroidManifest.xml:17:9-23:19
55            android:name="com.google.firebase.components.ComponentDiscoveryService"
55-->[com.google.firebase:firebase-firestore:23.0.3] AndroidManifest.xml:18:13-84
56            android:directBootAware="true"
56-->[com.google.firebase:firebase-common:20.0.0] AndroidManifest.xml:35:13-43
57            android:exported="false" >
57-->[com.google.firebase:firebase-firestore:23.0.3] AndroidManifest.xml:19:13-37
58            <meta-data
58-->[com.google.firebase:firebase-firestore:23.0.3] AndroidManifest.xml:20:13-22:85
59                android:name="com.google.firebase.components:com.google.firebase.firestore.FirestoreRegistrar"
59-->[com.google.firebase:firebase-firestore:23.0.3] AndroidManifest.xml:21:17-111
60                android:value="com.google.firebase.components.ComponentRegistrar" />
60-->[com.google.firebase:firebase-firestore:23.0.3] AndroidManifest.xml:22:17-82
61            <meta-data
61-->[com.google.android.gms:play-services-measurement-api:19.0.1] AndroidManifest.xml:30:13-32:85
62                android:name="com.google.firebase.components:com.google.firebase.analytics.connector.internal.AnalyticsConnectorRegistrar"
62-->[com.google.android.gms:play-services-measurement-api:19.0.1] AndroidManifest.xml:31:17-139
63                android:value="com.google.firebase.components.ComponentRegistrar" />
63-->[com.google.android.gms:play-services-measurement-api:19.0.1] AndroidManifest.xml:32:17-82
64            <meta-data
64-->[com.google.firebase:firebase-installations:17.0.0] AndroidManifest.xml:18:13-20:85
65                android:name="com.google.firebase.components:com.google.firebase.installations.FirebaseInstallationsRegistrar"
65-->[com.google.firebase:firebase-installations:17.0.0] AndroidManifest.xml:19:17-127
66                android:value="com.google.firebase.components.ComponentRegistrar" />
66-->[com.google.firebase:firebase-installations:17.0.0] AndroidManifest.xml:20:17-82
67        </service>
68
69        <activity
69-->[com.google.android.gms:play-services-base:17.0.0] AndroidManifest.xml:23:9-26:75
70            android:name="com.google.android.gms.common.api.GoogleApiActivity"
70-->[com.google.android.gms:play-services-base:17.0.0] AndroidManifest.xml:24:13-79
71            android:exported="false"
71-->[com.google.android.gms:play-services-base:17.0.0] AndroidManifest.xml:25:13-37
72            android:theme="@android:style/Theme.Translucent.NoTitleBar" />
72-->[com.google.android.gms:play-services-base:17.0.0] AndroidManifest.xml:26:13-72
73
74        <receiver
74-->[com.google.android.gms:play-services-measurement:19.0.1] AndroidManifest.xml:29:9-33:20
75            android:name="com.google.android.gms.measurement.AppMeasurementReceiver"
75-->[com.google.android.gms:play-services-measurement:19.0.1] AndroidManifest.xml:30:13-85
76            android:enabled="true"
76-->[com.google.android.gms:play-services-measurement:19.0.1] AndroidManifest.xml:31:13-35
77            android:exported="false" >
77-->[com.google.android.gms:play-services-measurement:19.0.1] AndroidManifest.xml:32:13-37
78        </receiver>
79
80        <service
80-->[com.google.android.gms:play-services-measurement:19.0.1] AndroidManifest.xml:35:9-38:40
81            android:name="com.google.android.gms.measurement.AppMeasurementService"
81-->[com.google.android.gms:play-services-measurement:19.0.1] AndroidManifest.xml:36:13-84
82            android:enabled="true"
82-->[com.google.android.gms:play-services-measurement:19.0.1] AndroidManifest.xml:37:13-35
83            android:exported="false" />
83-->[com.google.android.gms:play-services-measurement:19.0.1] AndroidManifest.xml:38:13-37
84        <service
84-->[com.google.android.gms:play-services-measurement:19.0.1] AndroidManifest.xml:39:9-43:72
85            android:name="com.google.android.gms.measurement.AppMeasurementJobService"
85-->[com.google.android.gms:play-services-measurement:19.0.1] AndroidManifest.xml:40:13-87
86            android:enabled="true"
86-->[com.google.android.gms:play-services-measurement:19.0.1] AndroidManifest.xml:41:13-35
87            android:exported="false"
87-->[com.google.android.gms:play-services-measurement:19.0.1] AndroidManifest.xml:42:13-37
88            android:permission="android.permission.BIND_JOB_SERVICE" />
88-->[com.google.android.gms:play-services-measurement:19.0.1] AndroidManifest.xml:43:13-69
89
90        <provider
90-->[com.google.firebase:firebase-common:20.0.0] AndroidManifest.xml:26:9-31:39
91            android:name="com.google.firebase.provider.FirebaseInitProvider"
91-->[com.google.firebase:firebase-common:20.0.0] AndroidManifest.xml:27:13-77
92            android:authorities="com.example.mobileapplication.firebaseinitprovider"
92-->[com.google.firebase:firebase-common:20.0.0] AndroidManifest.xml:28:13-72
93            android:directBootAware="true"
93-->[com.google.firebase:firebase-common:20.0.0] AndroidManifest.xml:29:13-43
94            android:exported="false"
94-->[com.google.firebase:firebase-common:20.0.0] AndroidManifest.xml:30:13-37
95            android:initOrder="100" />
95-->[com.google.firebase:firebase-common:20.0.0] AndroidManifest.xml:31:13-36
96
97        <meta-data
97-->[com.google.android.gms:play-services-basement:17.0.0] AndroidManifest.xml:23:9-25:69
98            android:name="com.google.android.gms.version"
98-->[com.google.android.gms:play-services-basement:17.0.0] AndroidManifest.xml:24:13-58
99            android:value="@integer/google_play_services_version" />
99-->[com.google.android.gms:play-services-basement:17.0.0] AndroidManifest.xml:25:13-66
100    </application>
101
102</manifest>